Started at Mon Mar 28 10:20:19 UTC 2022
Processing my-first-job
Offering my-first-job to Project Build Discarder
Processing parameterized-job
Offering parameterized-job to Project Build Discarder
Processing remote-job
Offering remote-job to Project Build Discarder
Finished at Mon Mar 28 10:20:19 UTC 2022. 9ms
Started at Mon Mar 28 11:20:19 UTC 2022
Processing my-first-job
Offering my-first-job to Project Build Discarder
Processing parameterized-job
Offering parameterized-job to Project Build Discarder
Processing remote-job
Offering remote-job to Project Build Discarder
Finished at Mon Mar 28 11:20:19 UTC 2022. 1ms
Started at Mon Mar 28 12:20:19 UTC 2022
Processing my-first-job
Offering my-first-job to Project Build Discarder
Processing parameterized-job
Offering parameterized-job to Project Build Discarder
Processing remote-job
Offering remote-job to Project Build Discarder
Finished at Mon Mar 28 12:20:19 UTC 2022. 7ms
Started at Mon Mar 28 13:20:19 UTC 2022
Processing my-first-job
Offering my-first-job to Project Build Discarder
Processing parameterized-job
Offering parameterized-job to Project Build Discarder
Processing remote-job
Offering remote-job to Project Build Discarder
Finished at Mon Mar 28 13:20:19 UTC 2022. 1ms
Started at Mon Mar 28 14:20:19 UTC 2022
Processing my-first-job
Offering my-first-job to Project Build Discarder
Processing parameterized-job
Offering parameterized-job to Project Build Discarder
Processing remote-job
Offering remote-job to Project Build Discarder
Finished at Mon Mar 28 14:20:19 UTC 2022. 3ms
Started at Mon Mar 28 15:20:19 UTC 2022
Processing my-first-job
Offering my-first-job to Project Build Discarder
Processing parameterized-job
Offering parameterized-job to Project Build Discarder
Processing remote-job
Offering remote-job to Project Build Discarder
Finished at Mon Mar 28 15:20:19 UTC 2022. 3ms
Started at Mon Mar 28 16:20:19 UTC 2022
Processing my-first-job
Offering my-first-job to Project Build Discarder
Processing parameterized-job
Offering parameterized-job to Project Build Discarder
Processing remote-job
Offering remote-job to Project Build Discarder
Finished at Mon Mar 28 16:20:19 UTC 2022. 1ms
Started at Mon Mar 28 17:20:19 UTC 2022
Processing my-first-job
Offering my-first-job to Project Build Discarder
Processing parameterized-job
Offering parameterized-job to Project Build Discarder
Processing remote-job
Offering remote-job to Project Build Discarder
Finished at Mon Mar 28 17:20:19 UTC 2022. 2ms
Started at Mon Mar 28 18:20:19 UTC 2022
Processing my-first-job
Offering my-first-job to Project Build Discarder
Processing parameterized-job
Offering parameterized-job to Project Build Discarder
Processing remote-job
Offering remote-job to Project Build Discarder
Finished at Mon Mar 28 18:20:19 UTC 2022. 1ms
Started at Mon Mar 28 19:20:19 UTC 2022
Processing my-first-job
Offering my-first-job to Project Build Discarder
Processing parameterized-job
Offering parameterized-job to Project Build Discarder
Processing remote-job
Offering remote-job to Project Build Discarder
Finished at Mon Mar 28 19:20:19 UTC 2022. 2ms
Started at Mon Mar 28 20:20:19 UTC 2022
Processing my-first-job
Offering my-first-job to Project Build Discarder
Processing parameterized-job
Offering parameterized-job to Project Build Discarder
Processing remote-job
Offering remote-job to Project Build Discarder
Finished at Mon Mar 28 20:20:19 UTC 2022. 1ms
Started at Mon Mar 28 21:20:19 UTC 2022
Processing my-first-job
Offering my-first-job to Project Build Discarder
Processing parameterized-job
Offering parameterized-job to Project Build Discarder
Processing remote-job
Offering remote-job to Project Build Discarder
Finished at Mon Mar 28 21:20:19 UTC 2022. 4ms
Started at Mon Mar 28 22:20:19 UTC 2022
Processing my-first-job
Offering my-first-job to Project Build Discarder
Processing parameterized-job
Offering parameterized-job to Project Build Discarder
Processing remote-job
Offering remote-job to Project Build Discarder
Finished at Mon Mar 28 22:20:19 UTC 2022. 2ms
Started at Mon Mar 28 23:20:19 UTC 2022
Processing my-first-job
Offering my-first-job to Project Build Discarder
Processing parameterized-job
Offering parameterized-job to Project Build Discarder
Processing remote-job
Offering remote-job to Project Build Discarder
Finished at Mon Mar 28 23:20:19 UTC 2022. 1ms
Started at Tue Mar 29 00:20:19 UTC 2022
Processing my-first-job
Offering my-first-job to Project Build Discarder
Processing parameterized-job
Offering parameterized-job to Project Build Discarder
Processing remote-job
Offering remote-job to Project Build Discarder
Finished at Tue Mar 29 00:20:19 UTC 2022. 7ms
Started at Tue Mar 29 01:20:19 UTC 2022
Processing my-first-job
Offering my-first-job to Project Build Discarder
Processing parameterized-job
Offering parameterized-job to Project Build Discarder
Processing remote-job
Offering remote-job to Project Build Discarder
Finished at Tue Mar 29 01:20:19 UTC 2022. 2ms
Started at Tue Mar 29 02:20:19 UTC 2022
Processing my-first-job
Offering my-first-job to Project Build Discarder
Processing parameterized-job
Offering parameterized-job to Project Build Discarder
Processing remote-job
Offering remote-job to Project Build Discarder
Finished at Tue Mar 29 02:20:19 UTC 2022. 1ms
Started at Tue Mar 29 03:20:19 UTC 2022
Processing my-first-job
Offering my-first-job to Project Build Discarder
Processing parameterized-job
Offering parameterized-job to Project Build Discarder
Processing remote-job
Offering remote-job to Project Build Discarder
Finished at Tue Mar 29 03:20:19 UTC 2022. 2ms
Started at Tue Mar 29 04:20:19 UTC 2022
Processing my-first-job
Offering my-first-job to Project Build Discarder
Processing parameterized-job
Offering parameterized-job to Project Build Discarder
Processing remote-job
Offering remote-job to Project Build Discarder
Finished at Tue Mar 29 04:20:19 UTC 2022. 1ms
Started at Tue Mar 29 05:20:19 UTC 2022
Processing my-first-job
Offering my-first-job to Project Build Discarder
Processing parameterized-job
Offering parameterized-job to Project Build Discarder
Processing remote-job
Offering remote-job to Project Build Discarder
Finished at Tue Mar 29 05:20:19 UTC 2022. 1ms
Started at Tue Mar 29 06:20:19 UTC 2022
Processing my-first-job
Offering my-first-job to Project Build Discarder
Processing parameterized-job
Offering parameterized-job to Project Build Discarder
Processing remote-job
Offering remote-job to Project Build Discarder
Finished at Tue Mar 29 06:20:19 UTC 2022. 2ms
Started at Tue Mar 29 07:20:19 UTC 2022
Processing my-first-job
Offering my-first-job to Project Build Discarder
Processing parameterized-job
Offering parameterized-job to Project Build Discarder
Processing remote-job
Offering remote-job to Project Build Discarder
Finished at Tue Mar 29 07:20:19 UTC 2022. 4ms
Started at Tue Mar 29 08:20:19 UTC 2022
Processing my-first-job
Offering my-first-job to Project Build Discarder
Processing parameterized-job
Offering parameterized-job to Project Build Discarder
Processing remote-job
Offering remote-job to Project Build Discarder
Finished at Tue Mar 29 08:20:19 UTC 2022. 7ms
